01:11:49, method: POST, url: /login
01:13:37, method: DELETE, url: /me
01:13:51, method: DELETE, url: /me
01:20:14, method: POST, url: /login
01:20:35, method: POST, url: /register
01:20:48, method: POST, url: /register
01:20:57, method: POST, url: /register
01:21:36, method: POST, url: /login
01:22:17, method: PATCH, url: /me/password
01:22:43, method: PATCH, url: /me/password
01:25:38, method: PATCH, url: /me/password
01:25:49, method: PATCH, url: /me/password
01:27:28, method: PATCH, url: /me/password
01:27:40, method: POST, url: /login
01:27:45, method: POST, url: /login
01:28:42, method: GET, url: /me
01:39:47, method: POST, url: /forgot_password
01:40:07, method: POST, url: /forgot_password
01:40:36, method: POST, url: /forgot_password
01:40:43, method: POST, url: /forgot_password
01:40:47, method: POST, url: /forgot_password
01:42:05, method: POST, url: /login
01:42:13, method: POST, url: /login
01:42:18, method: POST, url: /login
01:42:58, method: POST, url: /forgot_password
01:43:02, method: POST, url: /forgot_password
01:43:09, method: POST, url: /login
01:43:13, method: POST, url: /login
21:06:30, method: POST, url: /
21:07:39, method: POST, url: /register
21:07:47, method: POST, url: /register
21:08:11, method: POST, url: /register
21:08:56, method: POST, url: /login
21:09:08, method: POST, url: /login
21:09:13, method: POST, url: /login
21:10:54, method: POST, url: /
21:11:16, method: POST, url: /login
21:11:53, method: POST, url: /
21:12:30, method: POST, url: /
21:13:14, method: POST, url: /
21:13:32, method: POST, url: /
21:15:10, method: POST, url: /
21:15:29, method: POST, url: /
21:15:45, method: POST, url: /
21:15:58, method: POST, url: /
21:16:43, method: POST, url: /
21:17:02, method: POST, url: /
21:17:09, method: POST, url: /
21:25:28, method: GET, url: /603a9ab5dbf90e21dc06c3e8
21:29:46, method: POST, url: /login
21:30:03, method: GET, url: /603a9ab5dbf90e21dc06c3e8
21:30:56, method: GET, url: /603a9ab5dbf90e21dc06c3e8
21:31:06, method: POST, url: /login
21:31:16, method: GET, url: /603a9ab5dbf90e21dc06c3e8
21:31:40, method: GET, url: /603a9ab5dbf90e21dc06c3e8
21:35:15, method: GET, url: /603a9ab5dbf90e21dc06c3e8
21:56:30, method: PUT, url: /603a9ab5dbf90e21dc06c3e8
21:56:57, method: PUT, url: /603a9ab5dbf90e21dc06c3e8
21:57:32, method: PUT, url: /603a9ab5dbf90e21dc06c3e8
21:58:35, method: PUT, url: /603a9ab5dbf90e21dc06c3e8
22:00:14, method: PUT, url: /603a9ab5dbf90e21dc06c3e8
22:00:19, method: PUT, url: /603a9ab5dbf90e21dc06c3e8
22:08:42, method: DELETE, url: /603a9ab5dbf90e21dc06c3e8
22:09:00, method: DELETE, url: /603a9ab5dbf90e21dc06c3e8
22:09:52, method: POST, url: /
22:10:07, method: POST, url: /
22:10:13, method: POST, url: /
12:35:59, method: POST, url: /
12:37:30, method: POST, url: /login
12:37:51, method: POST, url: /
12:38:51, method: POST, url: /
12:39:56, method: POST, url: /
12:40:08, method: POST, url: /login
12:40:18, method: POST, url: /
13:28:46, method: POST, url: /
13:29:13, method: POST, url: /
13:30:58, method: POST, url: /
13:32:43, method: POST, url: /
13:33:36, method: POST, url: /
13:34:14, method: POST, url: /
13:43:24, method: POST, url: /603b7f5b2cb4ff2554d77f17
13:43:40, method: POST, url: /login
13:43:55, method: POST, url: /603b7f5b2cb4ff2554d77f17
13:44:46, method: POST, url: /603b7f5b2cb4ff2554d77f17
13:45:16, method: POST, url: /603b7f5b2cb4ff2554d77f17
13:45:29, method: POST, url: /603b7f5b2cb4ff2554d77f17
13:46:18, method: POST, url: /603b7f5b2cb4ff2554d77f17/post
13:46:35, method: POST, url: /603b7f5b2cb4ff2554d77f17/post
13:46:46, method: POST, url: /603b7f5b2cb4ff2554d77f17/post
13:47:15, method: POST, url: /603b7f5b2cb4ff2554d77f17/post
13:48:06, method: POST, url: /603b7f5b2cb4ff2554d77f17/post
13:48:26, method: POST, url: /603b7f5b2cb4ff2554d77f17/post
13:50:02, method: POST, url: /603b7f5b2cb4ff2554d77f17/post
14:23:55, method: POST, url: /register
14:24:12, method: POST, url: /login
14:24:41, method: POST, url: /
14:24:47, method: POST, url: /
14:24:58, method: POST, url: /
14:25:03, method: POST, url: /
14:26:45, method: GET, url: /603a9ab5dbf90e21dc06c3e8
14:27:41, method: GET, url: /
14:28:16, method: GET, url: /
14:29:14, method: GET, url: /
14:30:37, method: POST, url: /603a9ab5dbf90e21dc06c3e8/assign
14:30:53, method: POST, url: /603b8b9ad6c93e058c2a6eaa/assign
14:35:36, method: POST, url: /603b8b9fd6c93e058c2a6eab/assign
14:36:19, method: POST, url: /603b8b9fd6c93e058c2a6eab/assign
14:37:25, method: POST, url: /603b8b9fd6c93e058c2a6eab/assign
14:47:14, method: POST, url: /register
14:47:26, method: POST, url: /register
14:47:32, method: POST, url: /login
14:48:03, method: POST, url: /
14:48:19, method: POST, url: /
14:48:30, method: POST, url: /
14:49:15, method: POST, url: /
14:49:23, method: POST, url: /
14:49:30, method: POST, url: /
14:50:21, method: GET, url: /603b915a64bab31af8cfc0a0
14:50:57, method: POST, url: /603b915a64bab31af8cfc0a0/assign
14:53:22, method: POST, url: /603b915a64bab31af8cfc0a0/assign
14:55:28, method: POST, url: /603b915a64bab31af8cfc0a0/assign
14:56:32, method: POST, url: /603b915a64bab31af8cfc0a0/assign
14:56:53, method: POST, url: /603b915a64bab31af8cfc0a0/assign
14:58:51, method: POST, url: /603b915a64bab31af8cfc0a0/assign
15:00:44, method: POST, url: /603b915a64bab31af8cfc0a0/assign
15:02:03, method: POST, url: /603b915a64bab31af8cfc0a0/assign
15:02:26, method: POST, url: /603b915a64bab31af8cfc0a0/assign
15:02:45, method: POST, url: /603b915a64bab31af8cfc0a0/assign
15:04:01, method: POST, url: /603b914b64bab31af8cfc09e/assign
15:19:45, method: POST, url: /login
15:20:29, method: POST, url: /
15:22:24, method: POST, url: /login
15:22:37, method: POST, url: /603b989da51da210ac1f79c0/post
15:23:50, method: POST, url: /603b989da51da210ac1f79c0/post
15:34:37, method: POST, url: /603b989da51da210ac1f79c0/post
15:38:57, method: POST, url: /603b989da51da210ac1f79c0/post
15:39:30, method: POST, url: /603b989da51da210ac1f79c0/post
15:42:42, method: POST, url: /603b989da51da210ac1f79c0/post
15:43:08, method: POST, url: /603b989da51da210ac1f79c0/post
15:48:50, method: POST, url: /603b989da51da210ac1f79c0/post
15:50:32, method: POST, url: /603b989da51da210ac1f79c0/post
15:51:36, method: POST, url: /603b989da51da210ac1f79c0/post
15:52:08, method: POST, url: /603b989da51da210ac1f79c0/post
15:52:56, method: POST, url: /603b989da51da210ac1f79c0/post
15:53:06, method: POST, url: /603b989da51da210ac1f79c0/post
15:53:27, method: POST, url: /603b989da51da210ac1f79c0/post
15:53:41, method: POST, url: /603b989da51da210ac1f79c0/post
15:53:57, method: POST, url: /603b989da51da210ac1f79c0/post
15:54:55, method: POST, url: /603b989da51da210ac1f79c0/post
18:23:02, method: POST, url: /603b989da51da210ac1f79c0/post
18:24:37, method: POST, url: /login
18:24:58, method: POST, url: /603b989da51da210ac1f79c0/post
18:26:39, method: POST, url: /603b989da51da210ac1f79c0/post
18:28:31, method: POST, url: /603b989da51da210ac1f79c0/post
18:29:21, method: POST, url: /603b989da51da210ac1f79c0/post
18:30:00, method: POST, url: /603b989da51da210ac1f79c0/post
18:30:27, method: POST, url: /603b989da51da210ac1f79c0/post
18:32:03, method: POST, url: /603b989da51da210ac1f79c0/post
18:32:16, method: POST, url: /603b989da51da210ac1f79c0/post
18:32:43, method: POST, url: /603b989da51da210ac1f79c0/post
18:33:10, method: POST, url: /603b989da51da210ac1f79c0/post
18:33:42, method: POST, url: /603b989da51da210ac1f79c0/post
18:34:47, method: POST, url: /603b989da51da210ac1f79c0/post
18:35:11, method: POST, url: /603b989da51da210ac1f79c0/post
18:36:25, method: POST, url: /603b989da51da210ac1f79c0/post
18:37:18, method: POST, url: /603b989da51da210ac1f79c0/post
18:37:37, method: POST, url: /603b989da51da210ac1f79c0/post
18:37:57, method: POST, url: /603b989da51da210ac1f79c0/post
18:39:44, method: POST, url: /603b989da51da210ac1f79c0/post
18:40:36, method: POST, url: /603b989da51da210ac1f79c0/post
18:42:08, method: POST, url: /603b989da51da210ac1f79c0/post
18:43:23, method: POST, url: /603b989da51da210ac1f79c0/post
18:43:41, method: POST, url: /603b989da51da210ac1f79c0/post
18:44:24, method: POST, url: /603b989da51da210ac1f79c0/post
18:45:51, method: POST, url: /603b989da51da210ac1f79c0/post
18:46:21, method: POST, url: /603b989da51da210ac1f79c0/post
18:46:41, method: POST, url: /603b989da51da210ac1f79c0/post
18:47:53, method: POST, url: /603b989da51da210ac1f79c0/post
18:48:25, method: POST, url: /603b989da51da210ac1f79c0/post
18:51:44, method: POST, url: /603b989da51da210ac1f79c0/post
18:53:05, method: POST, url: /603b989da51da210ac1f79c0/post
18:53:47, method: POST, url: /603b989da51da210ac1f79c0/post
19:55:18, method: POST, url: /603b989da51da210ac1f79c0/post
19:55:28, method: POST, url: /login
19:55:42, method: POST, url: /603b989da51da210ac1f79c0/post
19:56:50, method: POST, url: /603b989da51da210ac1f79c0/post
19:57:20, method: POST, url: /603b989da51da210ac1f79c0/post
20:17:49, method: POST, url: /603b989da51da210ac1f79c0/post
20:20:29, method: DELETE, url: /603b914b64bab31af8cfc09e
20:20:47, method: POST, url: /login
20:21:02, method: DELETE, url: /603b914b64bab31af8cfc09e
20:21:29, method: POST, url: /login
20:22:06, method: POST, url: /
20:23:00, method: POST, url: /603bdf4e0c7a2f22b03ba853/post
20:24:22, method: POST, url: /603bdf4e0c7a2f22b03ba853/post
20:32:12, method: POST, url: /603bdf4e0c7a2f22b03ba853/post
20:35:42, method: POST, url: /603bdf4e0c7a2f22b03ba853/post
20:41:05, method: POST, url: /register
20:41:14, method: POST, url: /register
20:43:32, method: POST, url: /register
20:43:50, method: POST, url: /login
20:44:15, method: POST, url: /
20:44:25, method: POST, url: /
20:44:35, method: POST, url: /
20:45:12, method: POST, url: /603be47ff0c4cc12ccbbee62/assign
20:45:27, method: POST, url: /603be47ff0c4cc12ccbbee62/assign
20:46:22, method: POST, url: /603be47ff0c4cc12ccbbee62/assign
20:47:46, method: POST, url: /603be47ff0c4cc12ccbbee62/assign
20:48:02, method: POST, url: /login
20:48:29, method: POST, url: /
20:49:13, method: POST, url: /
20:50:31, method: POST, url: /603be57d78c87813f4acbf5f/post
20:51:18, method: POST, url: /603be5a978c87813f4acbf60/post
20:52:50, method: POST, url: /603be5a978c87813f4acbf60/post
20:54:19, method: POST, url: /603be493f0c4cc12ccbbee64/assign
20:55:30, method: POST, url: /register
20:55:44, method: POST, url: /login
20:56:01, method: POST, url: /
20:56:12, method: POST, url: /
20:56:19, method: POST, url: /
20:57:11, method: POST, url: /603be7531adc4a1f38321507/assign
20:57:26, method: POST, url: /login
20:57:45, method: POST, url: /
20:58:15, method: POST, url: /603be7a91adc4a1f38321508/post
21:05:57, method: GET, url: /active
21:06:52, method: GET, url: /active
21:09:17, method: GET, url: /active
21:10:02, method: GET, url: /active
21:21:12, method: PATCH, url: /active/state
21:27:47, method: PATCH, url: /active/state
21:28:08, method: PATCH, url: /active/state
21:51:40, method: PATCH, url: /active/state
21:52:57, method: PATCH, url: /active/state
21:53:26, method: PATCH, url: /active/state
21:53:36, method: PATCH, url: /active/state
21:53:45, method: PATCH, url: /active/state
21:54:00, method: PATCH, url: /active/state
22:38:44, method: PATCH, url: /active/state
22:39:10, method: POST, url: /login
22:39:25, method: PATCH, url: /active/state
22:47:45, method: PATCH, url: /active/state
22:48:15, method: PATCH, url: /active/state
22:49:52, method: POST, url: /603be74c1adc4a1f38321506/assign
23:07:40, method: GET, url: /603be7a91adc4a1f38321508
23:07:50, method: POST, url: /login
23:08:07, method: GET, url: /603be7a91adc4a1f38321508
23:08:18, method: POST, url: /login
23:08:28, method: GET, url: /603be7a91adc4a1f38321508
23:10:14, method: GET, url: /603be7a91adc4a1f38321508
23:10:31, method: GET, url: /603be7a91adc4a1f38321508
23:10:49, method: GET, url: /603be7a91adc4a1f38321508
23:11:08, method: GET, url: /603be7a91adc4a1f38321508
23:11:19, method: GET, url: /603be7a91adc4a1f38321508
23:11:46, method: GET, url: /603be7a91adc4a1f38321508
23:12:04, method: GET, url: /603be7a91adc4a1f38321508
23:12:20, method: GET, url: /603be7a91adc4a1f38321508
23:12:49, method: GET, url: /603be7a91adc4a1f38321508
23:13:13, method: GET, url: /603be7a91adc4a1f38321508
23:13:57, method: GET, url: /603be7a91adc4a1f38321508
23:14:35, method: GET, url: /603be7a91adc4a1f38321508
23:15:14, method: GET, url: /603be7a91adc4a1f38321508
23:15:34, method: GET, url: /603be7a91adc4a1f38321508
23:16:17, method: GET, url: /603be7a91adc4a1f38321508
23:16:38, method: GET, url: /603be7a91adc4a1f38321508
23:17:14, method: GET, url: /603be7a91adc4a1f38321508
23:17:30, method: GET, url: /603be7a91adc4a1f38321508
23:18:58, method: GET, url: /603be7a91adc4a1f38321508
23:30:07, method: POST, url: /login
23:30:51, method: PUT, url: /
23:31:09, method: PUT, url: /
23:32:06, method: PUT, url: /603be57d78c87813f4acbf5f
23:36:27, method: PUT, url: /603be57d78c87813f4acbf5f
23:36:49, method: PUT, url: /603be57d78c87813f4acbf5f
23:39:21, method: PUT, url: /603be57d78c87813f4acbf5f
23:42:25, method: DELETE, url: /603be57d78c87813f4acbf5
23:43:40, method: DELETE, url: /603be57d78c87813f4acbf5
23:45:30, method: DELETE, url: /603be57d78c87813f4acbf5
23:47:44, method: DELETE, url: /603be57d78c87813f4acbf5
23:49:18, method: PUT, url: /603be57d78c87813f4acbf5f
23:50:10, method: PUT, url: /603be57d78c87813f4acbf5f
23:51:33, method: PUT, url: /603be57d78c87813f4acbf5f
23:52:05, method: PUT, url: /603be57d78c87813f4acbf5f
23:53:09, method: PUT, url: /603be57d78c87813f4acbf5f
23:53:14, method: PUT, url: /603be57d78c87813f4acbf5
23:54:09, method: PUT, url: /603be57d78c87813f4acbf5
23:56:11, method: DELETE, url: /603be57d78c87813f4acbf5
23:56:26, method: DELETE, url: /603be57d78c87813f4acbf5f
23:57:08, method: POST, url: /register
23:57:27, method: POST, url: /login
23:58:00, method: POST, url: /
23:58:11, method: POST, url: /
23:58:45, method: DELETE, url: /603c11f30ae2f3117c7ae93d
23:59:50, method: DELETE, url: /603c11f30ae2f3117c7ae93
23:59:57, method: DELETE, url: /603c11f30ae2f3117c7ae93
00:00:04, method: DELETE, url: /603c11f30ae2f3117c7ae93d
00:00:15, method: DELETE, url: /603c11f30ae2f3117c7ae93d
00:09:54, method: POST, url: /
00:11:41, method: GET, url: /603c14b377924f0cac7fc8b1/shipping_info
00:12:02, method: GET, url: /603c14b377924f0cac7fc8b1/shipping_info
00:12:27, method: GET, url: /603c14b377924f0cac7fc8b1/shipping_info
00:12:57, method: GET, url: /603c14b377924f0cac7fc8b1/shipping_info
00:13:50, method: GET, url: /603c14b377924f0cac7fc8b1/shipping_info
00:15:03, method: POST, url: /603c14b377924f0cac7fc8b1/post
00:15:32, method: GET, url: /603c14b377924f0cac7fc8b1/shipping_info
00:17:50, method: GET, url: /603c14b377924f0cac7fc8b1/shipping_info
00:18:13, method: GET, url: /603c14b377924f0cac7fc8b1/shipping_info
00:18:34, method: GET, url: /603c14b377924f0cac7fc8b1/shipping_info
00:18:59, method: GET, url: /603c14b377924f0cac7fc8b1/shipping_info
00:19:15, method: GET, url: /603c14b377924f0cac7fc8b1/shipping_info
00:23:07, method: GET, url: /603c14b377924f0cac7fc8b1/shipping_info
00:23:50, method: GET, url: /603c14b377924f0cac7fc8b1/shipping_info
00:35:38, method: GET, url: /
00:35:55, method: GET, url: /
00:38:43, method: GET, url: /
00:39:51, method: POST, url: /login
00:40:07, method: GET, url: /
01:17:49, method: POST, url: /register
01:18:06, method: POST, url: /register
01:18:10, method: POST, url: /register
01:18:18, method: POST, url: /register
01:18:25, method: POST, url: /register
01:18:32, method: POST, url: /register
01:19:10, method: POST, url: /login
01:19:20, method: POST, url: /login
01:20:25, method: POST, url: /
01:21:18, method: POST, url: /register
01:21:26, method: POST, url: /register
01:21:42, method: POST, url: /login
01:21:54, method: POST, url: /
01:22:34, method: POST, url: /
01:22:50, method: POST, url: /login
01:23:04, method: POST, url: /
01:23:29, method: POST, url: /
01:23:42, method: POST, url: /login
01:24:46, method: POST, url: /
01:25:39, method: POST, url: /
01:26:18, method: POST, url: /login
01:27:11, method: GET, url: /603c25925c30f624d8c9a173
01:27:56, method: GET, url: /
01:29:34, method: POST, url: /603c25925c30f624d8c9a173/assign
01:30:03, method: DELETE, url: /603c25925c30f624d8c9a173
01:30:45, method: POST, url: /login
01:31:05, method: POST, url: /603c25925c30f624d8c9a173/assign
01:33:02, method: POST, url: /603c25925c30f624d8c9a173/assign
01:33:42, method: POST, url: /603c25925c30f624d8c9a173/assign
01:34:42, method: POST, url: /603c25925c30f624d8c9a173/assign
01:35:55, method: POST, url: /603c25f15c30f624d8c9a176/assign
01:37:49, method: POST, url: /603c25f15c30f624d8c9a176/assign
01:38:36, method: POST, url: /603c25d85c30f624d8c9a175/assign
01:42:13, method: POST, url: /603c25d85c30f624d8c9a175/assign
01:44:20, method: POST, url: /603c25f15c30f624d8c9a176/assign
01:45:17, method: POST, url: /login
01:45:42, method: PUT, url: /603be57d78c87813f4acbf5
01:46:09, method: GET, url: /
01:46:46, method: POST, url: /603c263e5c30f624d8c9a177/post
01:49:48, method: PUT, url: /603c263e5c30f624d8c9a177
01:49:53, method: PUT, url: /603c263e5c30f624d8c9a177
01:50:02, method: POST, url: /603c263e5c30f624d8c9a177/post
01:51:02, method: POST, url: /login
01:51:21, method: GET, url: /active
01:51:58, method: PATCH, url: /active/state
01:52:28, method: PATCH, url: /active/state
01:52:44, method: PATCH, url: /active/state
01:56:20, method: POST, url: /603c25d85c30f624d8c9a175/assign
01:57:52, method: POST, url: /603c25d85c30f624d8c9a175/assign
01:59:39, method: GET, url: /
02:00:19, method: POST, url: /603c26735c30f624d8c9a178/post
02:00:54, method: PATCH, url: /active/state
02:00:56, method: PATCH, url: /active/state
02:01:16, method: PATCH, url: /active/state
02:03:25, method: GET, url: /
02:03:41, method: GET, url: /active
02:03:45, method: PATCH, url: /active/state
